Performing C SOURCE FILE Test CMAKE_HAVE_LIBC_PTHREAD failed with the following output:
Change Dir: /home/zps/rm_power_rune/src/detector_rune/cmake-build-debug/CMakeFiles/CMakeScratch/TryCompile-sYW3Mb

Run Build Command(s):/opt/clion-2023.1.3/bin/ninja/linux/x64/ninja cmTC_e6194 && [1/2] Building C object CMakeFiles/cmTC_e6194.dir/src.c.o
[2/2] Linking C executable cmTC_e6194
FAILED: cmTC_e6194 
: && /usr/bin/cc -fPIC  CMakeFiles/cmTC_e6194.dir/src.c.o -o cmTC_e6194   && :
/usr/bin/ld: CMakeFiles/cmTC_e6194.dir/src.c.o: in function `main':
src.c:(.text+0x46): undefined reference to `pthread_create'
/usr/bin/ld: src.c:(.text+0x52): undefined reference to `pthread_detach'
/usr/bin/ld: src.c:(.text+0x5e): undefined reference to `pthread_cancel'
/usr/bin/ld: src.c:(.text+0x6f): undefined reference to `pthread_join'
collect2: error: ld returned 1 exit status
ninja: build stopped: subcommand failed.


Source file was:
#include <pthread.h>

static void* test_func(void* data)
{
  return data;
}

int main(void)
{
  pthread_t thread;
  pthread_create(&thread, NULL, test_func, NULL);
  pthread_detach(thread);
  pthread_cancel(thread);
  pthread_join(thread, NULL);
  pthread_atfork(NULL, NULL, NULL);
  pthread_exit(NULL);

  return 0;
}


Determining if the function pthread_create exists in the pthreads failed with the following output:
Change Dir: /home/zps/rm_power_rune/src/detector_rune/cmake-build-debug/CMakeFiles/CMakeScratch/TryCompile-O59Uoc

Run Build Command(s):/opt/clion-2023.1.3/bin/ninja/linux/x64/ninja cmTC_2028e && [1/2] Building C object CMakeFiles/cmTC_2028e.dir/CheckFunctionExists.c.o
[2/2] Linking C executable cmTC_2028e
FAILED: cmTC_2028e 
: && /usr/bin/cc -fPIC -DCHECK_FUNCTION_EXISTS=pthread_create  CMakeFiles/cmTC_2028e.dir/CheckFunctionExists.c.o -o cmTC_2028e  -lpthreads && :
/usr/bin/ld: 找不到 -lpthreads
collect2: error: ld returned 1 exit status
ninja: build stopped: subcommand failed.



