Performing C++ SOURCE FILE Test CMAKE_HAVE_LIBC_PTHREAD failed with the following output:
Change Dir: /home/zps/rm_power_rune/rune_detector_tradition/cmake-build-debug/CMakeFiles/CMakeScratch/TryCompile-CiMdZS

Run Build Command(s):/opt/clion-2023.1.3/bin/ninja/linux/x64/ninja cmTC_6863e && [1/2] Building CXX object CMakeFiles/cmTC_6863e.dir/src.cxx.o
[2/2] Linking CXX executable cmTC_6863e
FAILED: cmTC_6863e 
: && /usr/bin/c++   CMakeFiles/cmTC_6863e.dir/src.cxx.o -o cmTC_6863e   && :
/usr/bin/ld: CMakeFiles/cmTC_6863e.dir/src.cxx.o: in function `main':
src.cxx:(.text+0x46): undefined reference to `pthread_create'
/usr/bin/ld: src.cxx:(.text+0x52): undefined reference to `pthread_detach'
/usr/bin/ld: src.cxx:(.text+0x5e): undefined reference to `pthread_cancel'
/usr/bin/ld: src.cxx:(.text+0x6f): undefined reference to `pthread_join'
collect2: error: ld returned 1 exit status
ninja: build stopped: subcommand failed.


Source file was:
#include <pthread.h>

static void* test_func(void* data)
{
  return data;
}

int main(void)
{
  pthread_t thread;
  pthread_create(&thread, NULL, test_func, NULL);
  pthread_detach(thread);
  pthread_cancel(thread);
  pthread_join(thread, NULL);
  pthread_atfork(NULL, NULL, NULL);
  pthread_exit(NULL);

  return 0;
}


Determining if the function pthread_create exists in the pthreads failed with the following output:
Change Dir: /home/zps/rm_power_rune/rune_detector_tradition/cmake-build-debug/CMakeFiles/CMakeScratch/TryCompile-DjtQHV

Run Build Command(s):/opt/clion-2023.1.3/bin/ninja/linux/x64/ninja cmTC_3eb84 && [1/2] Building CXX object CMakeFiles/cmTC_3eb84.dir/CheckFunctionExists.cxx.o
[2/2] Linking CXX executable cmTC_3eb84
FAILED: cmTC_3eb84 
: && /usr/bin/c++ -DCHECK_FUNCTION_EXISTS=pthread_create  CMakeFiles/cmTC_3eb84.dir/CheckFunctionExists.cxx.o -o cmTC_3eb84  -lpthreads && :
/usr/bin/ld: 找不到 -lpthreads
collect2: error: ld returned 1 exit status
ninja: build stopped: subcommand failed.



